Tx
[3B DA 00 00 00 06 02] 03 00 1C 00 02
Rx
[3B DA 00 00 00 07 02] 03 04 3E 1E B8 52
Tx
[12 2A 00 00 00 06 02] 03 00 1E 00 02
Rx
[12 2A 00 00 00 07 02] 03 04 3D CC CC CD
Tx
[2E F4 00 00 00 06 02] 03 00 20 00 02
Rx
[2E F4 00 00 00 07 02] 03 04 3D 54 FD F4
Tx
[19 F8 00 00 00 06 02] 03 00 22 00 02
Rx
[19 F8 00 00 00 07 02] 03 04 3B 44 9B A6
Tx
[72 54 00 00 00 06 02] 03 00 16 00 02
Rx
[72 54 00 00 00 07 02] 03 04 3E E6 66 66
Tx
[62 3D 00 00 00 06 02] 03 00 18 00 02
Rx
[62 3D 00 00 00 07 02] 03 04 3E A3 D7 0A
Tx
[01 D3 00 00 00 06 02] 03 00 22 00 02
Rx
[01 D3 00 00 00 07 02] 03 04 3B 44 9B A6
Tx
[39 72 00 00 00 06 02] 03 00 0E 00 02
Rx
[39 72 00 00 00 07 02] 03 04 43 69 E6 66
Tx
[8F DE 00 00 00 06 02] 03 00 10 00 02
Rx
[8F DE 00 00 00 07 02] 03 04 43 6A CC CD
Tx
[0B 04 00 00 00 06 02] 03 00 12 00 02
Rx
[0B 04 00 00 00 07 02] 03 04 43 69 66 66
Tx
[78 63 00 00 00 06 02] 03 01 08 00 02
Rx
[78 63 00 00 00 07 02] 03 04 45 81 CC E1
Tx
[F9 01 00 00 00 06 02] 03 01 0A 00 02
Rx
[F9 01 00 00 00 07 02] 03 04 45 05 34 F6
Tx
[80 6A 00 00 00 06 02] 03 01 0C 00 02
Rx
[80 6A 00 00 00 07 02] 03 04 44 A8 96 14
Tx
[BA 52 00 00 00 06 02] 03 01 0E 00 02
Rx
[BA 52 00 00 00 07 02] 03 04 44 28 67 0A
Tx
[EC 5E 00 00 00 06 02] 03 00 1C 00 02
Rx
[EC 5E 00 00 00 07 02] 03 04 3E 1F BE 77
Tx
[08 43 00 00 00 06 02] 03 00 1E 00 02
Rx
[08 43 00 00 00 07 02] 03 04 3D CA C0 83
Tx
[B2 4C 00 00 00 06 02] 03 00 20 00 02
Rx
[B2 4C 00 00 00 07 02] 03 04 3D 59 16 87
Tx
[CA 8B 00 00 00 06 02] 03 00 22 00 02
Rx
[CA 8B 00 00 00 07 02] 03 04 3B 44 9B A6
Tx
[C4 E1 00 00 00 06 02] 03 00 16 00 02
Rx
[C4 E1 00 00 00 07 02] 03 04 3E EB 85 1F
Tx
[64 DD 00 00 00 06 02] 03 00 18 00 02
Rx
[64 DD 00 00 00 07 02] 03 04 3E A3 D7 0A
Tx
[10 BB 00 00 00 06 02] 03 00 22 00 02
Rx
[10 BB 00 00 00 07 02] 03 04 3B 44 9B A6
Tx
[61 25 00 00 00 06 02] 03 00 0E 00 02
Rx
[61 25 00 00 00 07 02] 03 04 43 69 80 00
Tx
[4B 33 00 00 00 06 02] 03 00 10 00 02
Rx
[4B 33 00 00 00 07 02] 03 04 43 69 E6 66
Tx
[55 26 00 00 00 06 02] 03 00 12 00 02
Rx
[55 26 00 00 00 07 02] 03 04 43 68 E6 66
Tx
[E2 D8 00 00 00 06 02] 03 01 08 00 02
Rx
[E2 D8 00 00 00 07 02] 03 04 45 81 CC E1
Tx
[B9 D7 00 00 00 06 02] 03 01 0A 00 02
Rx
[B9 D7 00 00 00 07 02] 03 04 45 05 34 F6
Tx
[13 0A 00 00 00 06 02] 03 01 0C 00 02
Rx
[13 0A 00 00 00 07 02] 03 04 44 A8 96 14
Tx
[B0 C8 00 00 00 06 02] 03 01 0E 00 02
Rx
[B0 C8 00 00 00 07 02] 03 04 44 28 67 0A
Tx
[D5 EE 00 00 00 06 02] 03 00 1C 00 02
Rx
[D5 EE 00 00 00 07 02] 03 04 3E 1F BE 77
Tx
[21 44 00 00 00 06 02] 03 00 1E 00 02
Rx
[21 44 00 00 00 07 02] 03 04 3D CA C0 83
Tx
[E3 21 00 00 00 06 02] 03 00 20 00 02
Rx
[E3 21 00 00 00 07 02] 03 04 3D 4C CC CD
Tx
[36 FE 00 00 00 06 02] 03 00 22 00 02
Rx
[36 FE 00 00 00 07 02] 03 04 3B 44 9B A6
Tx
[8D D6 00 00 00 06 02] 03 00 16 00 02
Rx
[8D D6 00 00 00 07 02] 03 04 3E EB 85 1F
Tx
[B2 0B 00 00 00 06 02] 03 00 18 00 02
Rx
[B2 0B 00 00 00 07 02] 03 04 3E 9E B8 52
Tx
[EC CD 00 00 00 06 02] 03 00 22 00 02
Rx
[EC CD 00 00 00 07 02] 03 04 3B 44 9B A6
Tx
[1E 55 00 00 00 06 02] 03 00 0E 00 02
Rx
[1E 55 00 00 00 07 02] 03 04 43 69 66 66
Tx
[ED 83 00 00 00 06 02] 03 00 10 00 02
Rx
[ED 83 00 00 00 07 02] 03 04 43 6A E6 66
Tx
[CE CA 00 00 00 06 02] 03 00 12 00 02
Rx
[CE CA 00 00 00 07 02] 03 04 43 68 CC CD
Tx
[8F B3 00 00 00 06 02] 03 01 08 00 02
Rx
[8F B3 00 00 00 07 02] 03 04 45 81 CC E1
Tx
[48 2A 00 00 00 06 02] 03 01 0A 00 02
Rx
[48 2A 00 00 00 07 02] 03 04 45 05 34 F6
Tx
[D0 9C 00 00 00 06 02] 03 01 0C 00 02
Rx
[D0 9C 00 00 00 07 02] 03 04 44 A8 96 14
Tx
[C1 90 00 00 00 06 02] 03 01 0E 00 02
Rx
[C1 90 00 00 00 07 02] 03 04 44 28 67 0A
Tx
[A1 0E 00 00 00 06 02] 03 00 1C 00 02
Rx
[A1 0E 00 00 00 07 02] 03 04 3E 1D B2 2D
Tx
[C1 34 00 00 00 06 02] 03 00 1E 00 02
Rx
[C1 34 00 00 00 07 02] 03 04 3D CA C0 83
Tx
[93 24 00 00 00 06 02] 03 00 20 00 02
Rx
[93 24 00 00 00 07 02] 03 04 3D 4C CC CD
Tx
[5A 62 00 00 00 06 02] 03 00 22 00 02
Rx
[5A 62 00 00 00 07 02] 03 04 3B 44 9B A6
Tx
[18 32 00 00 00 06 02] 03 00 16 00 02
Rx
[18 32 00 00 00 07 02] 03 04 3E E6 66 66
Tx
[63 83 00 00 00 06 02] 03 00 18 00 02
Rx
[63 83 00 00 00 07 02] 03 04 3E 9E B8 52
Tx
[98 AB 00 00 00 06 02] 03 00 22 00 02
Rx
[98 AB 00 00 00 07 02] 03 04 3B 44 9B A6
Tx
[EA 06 00 00 00 06 02] 03 00 0E 00 02
Rx
[EA 06 00 00 00 07 02] 03 04 43 6A 00 00
Tx
[C0 A8 00 00 00 06 02] 03 00 10 00 02
Rx
[C0 A8 00 00 00 07 02] 03 04 43 6B 00 00
Tx
[D8 42 00 00 00 06 02] 03 00 12 00 02
Rx
[D8 42 00 00 00 07 02] 03 04 43 69 19 9A
Tx
[4B 35 00 00 00 06 02] 03 01 08 00 02
Rx
[4B 35 00 00 00 07 02] 03 04 45 81 CC E1
Tx
[D7 F1 00 00 00 06 02] 03 01 0A 00 02
Rx
[D7 F1 00 00 00 07 02] 03 04 45 05 34 F6
Tx
[FA 07 00 00 00 06 02] 03 01 0C 00 02
Rx
[FA 07 00 00 00 07 02] 03 04 44 A8 96 14
Tx
[D3 3C 00 00 00 06 02] 03 01 0E 00 02
Rx
[D3 3C 00 00 00 07 02] 03 04 44 28 67 0A
Tx
[CC 0A 00 00 00 06 02] 03 00 1C 00 02
Rx
[CC 0A 00 00 00 07 02] 03 04 3E 1D B2 2D
Tx
[2B A1 00 00 00 06 02] 03 00 1E 00 02
Rx
[2B A1 00 00 00 07 02] 03 04 3D CA C0 83
Tx
[88 0A 00 00 00 06 02] 03 00 20 00 02
Rx
[88 0A 00 00 00 07 02] 03 04 3D 4C CC CD
Tx
[6C 9A 00 00 00 06 02] 03 00 22 00 02
Rx
[6C 9A 00 00 00 07 02] 03 04 3B 44 9B A6
Tx
[DA 7A 00 00 00 06 02] 03 00 16 00 02
Rx
[DA 7A 00 00 00 07 02] 03 04 3E E6 66 66
Tx
[BB 58 00 00 00 06 02] 03 00 18 00 02
Rx
[BB 58 00 00 00 07 02] 03 04 3E 9E B8 52
Tx
[8C FD 00 00 00 06 02] 03 00 22 00 02
Rx
[8C FD 00 00 00 07 02] 03 04 3B 44 9B A6
Tx
[D9 56 00 00 00 06 02] 03 00 0E 00 02
Rx
[D9 56 00 00 00 07 02] 03 04 43 6A 19 9A
Tx
[7E D5 00 00 00 06 02] 03 00 10 00 02
Rx
[7E D5 00 00 00 07 02] 03 04 43 6B 19 9A
Tx
[68 11 00 00 00 06 02] 03 00 12 00 02
Rx
[68 11 00 00 00 07 02] 03 04 43 69 80 00
Tx
[25 62 00 00 00 06 02] 03 01 08 00 02
Rx
[25 62 00 00 00 07 02] 03 04 45 81 CC E1
Tx
[4B 0E 00 00 00 06 02] 03 01 0A 00 02
Rx
[4B 0E 00 00 00 07 02] 03 04 45 05 34 F6
Tx
[BC D5 00 00 00 06 02] 03 01 0C 00 02
Rx
[BC D5 00 00 00 07 02] 03 04 44 A8 96 14
Tx
[92 2A 00 00 00 06 02] 03 01 0E 00 02
Rx
[92 2A 00 00 00 07 02] 03 04 44 28 67 0A
Tx
[DE 58 00 00 00 06 02] 03 00 1C 00 02
Rx
[DE 58 00 00 00 07 02] 03 04 3E 1D B2 2D
Tx
[2B 8C 00 00 00 06 02] 03 00 1E 00 02
Rx
[2B 8C 00 00 00 07 02] 03 04 3D CA C0 83
Tx
[5B E5 00 00 00 06 02] 03 00 20 00 02
Rx
[5B E5 00 00 00 07 02] 03 04 3D 4C CC CD
Tx
[79 E2 00 00 00 06 02] 03 00 22 00 02
Rx
[79 E2 00 00 00 07 02] 03 04 3B 44 9B A6
Tx
[65 85 00 00 00 06 02] 03 00 16 00 02
Rx
[65 85 00 00 00 07 02] 03 04 3E E6 66 66
Tx
[F4 2C 00 00 00 06 02] 03 00 18 00 02
Rx
[F4 2C 00 00 00 07 02] 03 04 3E 9E B8 52
Tx
[EE 31 00 00 00 06 02] 03 00 22 00 02
Rx
[EE 31 00 00 00 07 02] 03 04 3B 44 9B A6
Tx
[D1 3D 00 00 00 06 02] 03 00 0E 00 02
Rx
[D1 3D 00 00 00 07 02] 03 04 43 69 E6 66
Tx
[76 2B 00 00 00 06 02] 03 00 10 00 02
Rx
[76 2B 00 00 00 07 02] 03 04 43 6A 66 66
Tx
[1D 62 00 00 00 06 02] 03 00 12 00 02
Rx
[1D 62 00 00 00 07 02] 03 04 43 69 19 9A
Tx
[F5 37 00 00 00 06 02] 03 01 08 00 02
Rx
[F5 37 00 00 00 07 02] 03 04 45 81 CC E1
Tx
[F3 6B 00 00 00 06 02] 03 01 0A 00 02
Rx
[F3 6B 00 00 00 07 02] 03 04 45 05 34 F6
Tx
[83 AE 00 00 00 06 02] 03 01 0C 00 02
Rx
[83 AE 00 00 00 07 02] 03 04 44 A8 96 14
Tx
[1C E1 00 00 00 06 02] 03 01 0E 00 02
Rx
[1C E1 00 00 00 07 02] 03 04 44 28 67 0A
Tx
[F7 C7 00 00 00 06 02] 03 00 1C 00 02
Rx
[F7 C7 00 00 00 07 02] 03 04 3E 1C AC 08
Tx
[B0 71 00 00 00 06 02] 03 00 1E 00 02
Rx
[B0 71 00 00 00 07 02] 03 04 3D CA C0 83
Tx
[D4 75 00 00 00 06 02] 03 00 20 00 02
Rx
[D4 75 00 00 00 07 02] 03 04 3D 54 FD F4
Tx
[EA 66 00 00 00 06 02] 03 00 22 00 02
Rx
[EA 66 00 00 00 07 02] 03 04 3B 44 9B A6
Tx
[90 C8 00 00 00 06 02] 03 00 16 00 02
Rx
[90 C8 00 00 00 07 02] 03 04 3E E6 66 66
Tx
[DA 60 00 00 00 06 02] 03 00 18 00 02
Rx
[DA 60 00 00 00 07 02] 03 04 3E A3 D7 0A
Tx
[3D 58 00 00 00 06 02] 03 00 22 00 02
Rx
[3D 58 00 00 00 07 02] 03 04 3B 44 9B A6
Tx
[E2 23 00 00 00 06 02] 03 00 0E 00 02
Rx
[E2 23 00 00 00 07 02] 03 04 43 69 E6 66
Tx
[3F DB 00 00 00 06 02] 03 00 10 00 02
Rx
[3F DB 00 00 00 07 02] 03 04 43 6A E6 66
Tx
[81 BD 00 00 00 06 02] 03 00 12 00 02
Rx
[81 BD 00 00 00 07 02] 03 04 43 69 99 9A
Tx
[F4 A4 00 00 00 06 02] 03 01 08 00 02
Rx
[F4 A4 00 00 00 07 02] 03 04 45 81 CC E1
Tx
[78 DD 00 00 00 06 02] 03 01 0A 00 02
Rx
[78 DD 00 00 00 07 02] 03 04 45 05 34 F6
Tx
[A0 C9 00 00 00 06 02] 03 01 0C 00 02
Rx
[A0 C9 00 00 00 07 02] 03 04 44 A8 96 14
Tx
[08 98 00 00 00 06 02] 03 01 0E 00 02
Rx
[08 98 00 00 00 07 02] 03 04 44 28 67 0A
Tx
[63 90 00 00 00 06 02] 03 00 1C 00 02
Rx
[63 90 00 00 00 07 02] 03 04 3E 1C AC 08
Tx
[99 F6 00 00 00 06 02] 03 00 1E 00 02
Rx
[99 F6 00 00 00 07 02] 03 04 3D CA C0 83
Tx
[FA 82 00 00 00 06 02] 03 00 20 00 02
Rx
[FA 82 00 00 00 07 02] 03 04 3D 4C CC CD
Tx
[F2 D9 00 00 00 06 02] 03 00 22 00 02
Rx
[F2 D9 00 00 00 07 02] 03 04 3B 44 9B A6
Tx
[70 72 00 00 00 06 02] 03 00 16 00 02
Rx
[70 72 00 00 00 07 02] 03 04 3E E6 66 66
Tx
[D9 0F 00 00 00 06 02] 03 00 18 00 02
Rx
[D9 0F 00 00 00 07 02] 03 04 3E 9E B8 52
Tx
[ED 69 00 00 00 06 02] 03 00 22 00 02
Rx
[ED 69 00 00 00 07 02] 03 04 3B 44 9B A6
Tx
[77 DE 00 00 00 06 02] 03 00 0E 00 02
Rx
[77 DE 00 00 00 07 02] 03 04 43 6A 00 00
Tx
[C5 62 00 00 00 06 02] 03 00 10 00 02
Rx
[C5 62 00 00 00 07 02] 03 04 43 6A CC CD
Tx
[C4 8E 00 00 00 06 02] 03 00 12 00 02
Rx
[C4 8E 00 00 00 07 02] 03 04 43 69 80 00
Tx
[CF D9 00 00 00 06 02] 03 01 08 00 02
Rx
[CF D9 00 00 00 07 02] 03 04 45 81 CC E1
Tx
[5F DF 00 00 00 06 02] 03 01 0A 00 02
Rx
[5F DF 00 00 00 07 02] 03 04 45 05 34 F6
Tx
[1A 6E 00 00 00 06 02] 03 01 0C 00 02
Rx
[1A 6E 00 00 00 07 02] 03 04 44 A8 96 14
Tx
[F1 63 00 00 00 06 02] 03 01 0E 00 02
Rx
[F1 63 00 00 00 07 02] 03 04 44 28 67 0A
Tx
[38 B9 00 00 00 06 02] 03 00 1C 00 02
Rx
[38 B9 00 00 00 07 02] 03 04 3E 1C AC 08
Tx
[31 F3 00 00 00 06 02] 03 00 1E 00 02
Rx
[31 F3 00 00 00 07 02] 03 04 3D CA C0 83
Tx
[3B 3C 00 00 00 06 02] 03 00 20 00 02
Rx
[3B 3C 00 00 00 07 02] 03 04 3D 4C CC CD
Tx
[0A 16 00 00 00 06 02] 03 00 22 00 02
Rx
[0A 16 00 00 00 07 02] 03 04 3B 44 9B A6
Tx
[17 94 00 00 00 06 02] 03 00 16 00 02
Rx
[17 94 00 00 00 07 02] 03 04 3E E6 66 66
Tx
[A8 DE 00 00 00 06 02] 03 00 18 00 02
Rx
[A8 DE 00 00 00 07 02] 03 04 3E 9E B8 52
Tx
[01 61 00 00 00 06 02] 03 00 22 00 02
Rx
[01 61 00 00 00 07 02] 03 04 3B 44 9B A6
Tx
[4B B0 00 00 00 06 02] 03 00 0E 00 02
Rx
[4B B0 00 00 00 07 02] 03 04 43 6A 19 9A
Tx
[A6 A1 00 00 00 06 02] 03 00 10 00 02
Rx
[A6 A1 00 00 00 07 02] 03 04 43 6A CC CD
Tx
[F3 F9 00 00 00 06 02] 03 00 12 00 02
Rx
[F3 F9 00 00 00 07 02] 03 04 43 69 80 00
Tx
[03 AB 00 00 00 06 02] 03 01 08 00 02
Rx
[03 AB 00 00 00 07 02] 03 04 45 81 CC E1
Tx
[F5 8A 00 00 00 06 02] 03 01 0A 00 02
Rx
[F5 8A 00 00 00 07 02] 03 04 45 05 34 F6
Tx
[FB E2 00 00 00 06 02] 03 01 0C 00 02
Rx
[FB E2 00 00 00 07 02] 03 04 44 A8 96 14
Tx
[47 3D 00 00 00 06 02] 03 01 0E 00 02
Rx
[47 3D 00 00 00 07 02] 03 04 44 28 67 0A
Tx
[0F BE 00 00 00 06 02] 03 00 1C 00 02
Rx
[0F BE 00 00 00 07 02] 03 04 3E 1E B8 52
Tx
[4E 16 00 00 00 06 02] 03 00 1E 00 02
Rx
[4E 16 00 00 00 07 02] 03 04 3D CA C0 83
Tx
[53 E4 00 00 00 06 02] 03 00 20 00 02
Rx
[53 E4 00 00 00 07 02] 03 04 3D 4C CC CD
Tx
[C6 DD 00 00 00 06 02] 03 00 22 00 02
Rx
[C6 DD 00 00 00 07 02] 03 04 3B 44 9B A6
Tx
[42 16 00 00 00 06 02] 03 00 16 00 02
Rx
[42 16 00 00 00 07 02] 03 04 3E E6 66 66
Tx
[35 26 00 00 00 06 02] 03 00 18 00 02
Rx
[35 26 00 00 00 07 02] 03 04 3E 9E B8 52
Tx
[0D FA 00 00 00 06 02] 03 00 22 00 02
Rx
[0D FA 00 00 00 07 02] 03 04 3B 44 9B A6
Tx
[0B 1D 00 00 00 06 02] 03 00 0E 00 02
Rx
[0B 1D 00 00 00 07 02] 03 04 43 6A 19 9A
Tx
[23 09 00 00 00 06 02] 03 00 10 00 02
Rx
[23 09 00 00 00 07 02] 03 04 43 6A B3 33
Tx
[D6 2C 00 00 00 06 02] 03 00 12 00 02
Rx
[D6 2C 00 00 00 07 02] 03 04 43 69 99 9A
Tx
[58 5F 00 00 00 06 02] 03 01 08 00 02
Rx
[58 5F 00 00 00 07 02] 03 04 45 81 CC E1
Tx
[85 4C 00 00 00 06 02] 03 01 0A 00 02
Rx
[85 4C 00 00 00 07 02] 03 04 45 05 34 F6
Tx
[4C 73 00 00 00 06 02] 03 01 0C 00 02
Rx
[4C 73 00 00 00 07 02] 03 04 44 A8 96 14
Tx
[9C 60 00 00 00 06 02] 03 01 0E 00 02
Rx
[9C 60 00 00 00 07 02] 03 04 44 28 67 0A
Tx
[1F D2 00 00 00 06 02] 03 00 1C 00 02
Rx
[1F D2 00 00 00 07 02] 03 04 3E 1C AC 08
Tx
[A0 17 00 00 00 06 02] 03 00 1E 00 02
Rx
[A0 17 00 00 00 07 02] 03 04 3D CA C0 83
Tx
[2E 45 00 00 00 06 02] 03 00 20 00 02
Rx
[2E 45 00 00 00 07 02] 03 04 3D 4C CC CD
Tx
[0A EA 00 00 00 06 02] 03 00 22 00 02
Rx
[0A EA 00 00 00 07 02] 03 04 3B 44 9B A6
Tx
[30 A5 00 00 00 06 02] 03 00 16 00 02
Rx
[30 A5 00 00 00 07 02] 03 04 3E E6 66 66
Tx
[81 5A 00 00 00 06 02] 03 00 18 00 02
Rx
[81 5A 00 00 00 07 02] 03 04 3E 9E B8 52
Tx
[88 9F 00 00 00 06 02] 03 00 22 00 02
Rx
[88 9F 00 00 00 07 02] 03 04 3B 44 9B A6
Tx
[7B 87 00 00 00 06 02] 03 00 0E 00 02
Rx
[7B 87 00 00 00 07 02] 03 04 43 69 CC CD
Tx
[37 22 00 00 00 06 02] 03 00 10 00 02
Rx
[37 22 00 00 00 07 02] 03 04 43 6A CC CD
Tx
[33 D1 00 00 00 06 02] 03 00 12 00 02
Rx
[33 D1 00 00 00 07 02] 03 04 43 69 99 9A
Tx
[1F B0 00 00 00 06 02] 03 01 08 00 02
Rx
[1F B0 00 00 00 07 02] 03 04 45 81 CC E1
Tx
[C4 60 00 00 00 06 02] 03 01 0A 00 02
Rx
[C4 60 00 00 00 07 02] 03 04 45 05 34 F6
Tx
[E8 75 00 00 00 06 02] 03 01 0C 00 02
Rx
[E8 75 00 00 00 07 02] 03 04 44 A8 96 14
Tx
[4D 8B 00 00 00 06 02] 03 01 0E 00 02
Rx
[4D 8B 00 00 00 07 02] 03 04 44 28 67 0A
Tx
[6E A5 00 00 00 06 02] 03 00 1C 00 02
Rx
[6E A5 00 00 00 07 02] 03 04 3E 1C AC 08
Tx
[82 AC 00 00 00 06 02] 03 00 1E 00 02
Rx
[82 AC 00 00 00 07 02] 03 04 3D C8 B4 39
Tx
[08 22 00 00 00 06 02] 03 00 20 00 02
Rx
[08 22 00 00 00 07 02] 03 04 3D 4C CC CD
Tx
[75 9E 00 00 00 06 02] 03 00 22 00 02
Rx
[75 9E 00 00 00 07 02] 03 04 3B 44 9B A6
Tx
[78 FD 00 00 00 06 02] 03 00 16 00 02
Rx
[78 FD 00 00 00 07 02] 03 04 3E E6 66 66
Tx
[E5 71 00 00 00 06 02] 03 00 18 00 02
Rx
[E5 71 00 00 00 07 02] 03 04 3E 9E B8 52
Tx
[EF 1D 00 00 00 06 02] 03 00 22 00 02
Rx
[EF 1D 00 00 00 07 02] 03 04 3B 44 9B A6
Tx
[6F 26 00 00 00 06 02] 03 00 0E 00 02
Rx
[6F 26 00 00 00 07 02] 03 04 43 69 CC CD
Tx
[F9 84 00 00 00 06 02] 03 00 10 00 02
Rx
[F9 84 00 00 00 07 02] 03 04 43 6B 19 9A
Tx
[DE AA 00 00 00 06 02] 03 00 12 00 02
Rx
[DE AA 00 00 00 07 02] 03 04 43 69 4C CD
Tx
[B6 73 00 00 00 06 02] 03 01 08 00 02
Rx
[B6 73 00 00 00 07 02] 03 04 45 81 CC E1
Tx
[23 BB 00 00 00 06 02] 03 01 0A 00 02
Rx
[23 BB 00 00 00 07 02] 03 04 45 05 34 F6
Tx
[D8 A6 00 00 00 06 02] 03 01 0C 00 02
Rx
[D8 A6 00 00 00 07 02] 03 04 44 A8 96 14
Tx
[BE 0B 00 00 00 06 02] 03 01 0E 00 02
Rx
[BE 0B 00 00 00 07 02] 03 04 44 28 67 0A
Tx
[90 1C 00 00 00 06 02] 03 00 1C 00 02
Rx
[90 1C 00 00 00 07 02] 03 04 3E 1D B2 2D
Tx
[7C 74 00 00 00 06 02] 03 00 1E 00 02
Rx
[7C 74 00 00 00 07 02] 03 04 3D CA C0 83
Tx
[EA E7 00 00 00 06 02] 03 00 20 00 02
Rx
[EA E7 00 00 00 07 02] 03 04 3D 50 E5 60
Tx
[8B B4 00 00 00 06 02] 03 00 22 00 02
Rx
[8B B4 00 00 00 07 02] 03 04 3B 44 9B A6
Tx
[90 66 00 00 00 06 02] 03 00 16 00 02
Rx
[90 66 00 00 00 07 02] 03 04 3E E6 66 66
Tx
[1B 52 00 00 00 06 02] 03 00 18 00 02
Rx
[1B 52 00 00 00 07 02] 03 04 3E 9E B8 52
Tx
[83 7A 00 00 00 06 02] 03 00 22 00 02
Rx
[83 7A 00 00 00 07 02] 03 04 3B 44 9B A6
Tx
[89 FF 00 00 00 06 02] 03 00 0E 00 02
Rx
[89 FF 00 00 00 07 02] 03 04 43 69 CC CD
Tx
[10 E1 00 00 00 06 02] 03 00 10 00 02
Rx
[10 E1 00 00 00 07 02] 03 04 43 6B 19 9A
Tx
[E5 62 00 00 00 06 02] 03 00 12 00 02
Rx
[E5 62 00 00 00 07 02] 03 04 43 69 66 66
Tx
[47 11 00 00 00 06 02] 03 01 08 00 02
Rx
[47 11 00 00 00 07 02] 03 04 45 81 CC E1
Tx
[01 DA 00 00 00 06 02] 03 01 0A 00 02
Rx
[01 DA 00 00 00 07 02] 03 04 45 05 34 F6
Tx
[54 75 00 00 00 06 02] 03 01 0C 00 02
Rx
[54 75 00 00 00 07 02] 03 04 44 A8 96 14
Tx
[01 88 00 00 00 06 02] 03 01 0E 00 02
Rx
[01 88 00 00 00 07 02] 03 04 44 28 67 0A
Tx
[A3 42 00 00 00 06 02] 03 00 1C 00 02
Rx
[A3 42 00 00 00 07 02] 03 04 3E 1C AC 08
Tx
[55 1B 00 00 00 06 02] 03 00 1E 00 02
Rx
[55 1B 00 00 00 07 02] 03 04 3D CA C0 83
Tx
[88 F9 00 00 00 06 02] 03 00 20 00 02
Rx
[88 F9 00 00 00 07 02] 03 04 3D 50 E5 60
Tx
[1A 7A 00 00 00 06 02] 03 00 22 00 02
Rx
[1A 7A 00 00 00 07 02] 03 04 3B 44 9B A6
Tx
[74 95 00 00 00 06 02] 03 00 16 00 02
Rx
[74 95 00 00 00 07 02] 03 04 3E E6 66 66
Tx
[A3 5E 00 00 00 06 02] 03 00 18 00 02
Rx
[A3 5E 00 00 00 07 02] 03 04 3E 9E B8 52
Tx
[AD D0 00 00 00 06 02] 03 00 22 00 02
Rx
[AD D0 00 00 00 07 02] 03 04 3B 44 9B A6
Tx
[9D 11 00 00 00 06 02] 03 00 0E 00 02
Rx
[9D 11 00 00 00 07 02] 03 04 43 69 E6 66
Tx
[AA 47 00 00 00 06 02] 03 00 10 00 02
Rx
[AA 47 00 00 00 07 02] 03 04 43 6B 19 9A
Tx
[3F BE 00 00 00 06 02] 03 00 12 00 02
Rx
[3F BE 00 00 00 07 02] 03 04 43 69 99 9A
Tx
